[    5049ms] [ERROR] Failed to load resource: the server responded with a status of 401 () @ https://dandori-work.dandori-portal.com/api/auth/me:0
[    5133ms] [ERROR] Failed to load resource: the server responded with a status of 401 () @ https://dandori-work.dandori-portal.com/api/certifications/notifications?userId=cmihijw39000b4szx6e0ct5wr&tenantId=tenant-006:0
[    5166ms] [ERROR] Failed to load resource: the server responded with a status of 401 () @ https://dandori-work.dandori-portal.com/api/workflows?tenantId=tenant-006:0
[    5169ms] [ERROR] Failed to fetch workflows on rehydration: Error: ワークフロー一覧の取得に失敗しました
    at m (https://dandori-work.dandori-portal.com/_next/static/chunks/1199-3e90ba1074e79896.js:1:6017)
    at async Object.fetchRequests (https://dandori-work.dandori-portal.com/_next/static/chunks/1199-3e90ba1074e79896.js:1:7039) @ https://dandori-work.dandori-portal.com/_next/static/chunks/2117-781fa581501cd167.js:0
[    5219ms] [ERROR] Failed to load resource: the server responded with a status of 401 () @ https://dandori-work.dandori-portal.com/api/workflows?tenantId=tenant-006:0
[    5221ms] [ERROR] Failed to fetch workflows on rehydration: Error: ワークフロー一覧の取得に失敗しました
    at m (https://dandori-work.dandori-portal.com/_next/static/chunks/1199-3e90ba1074e79896.js:1:6017)
    at async Object.fetchRequests (https://dandori-work.dandori-portal.com/_next/static/chunks/1199-3e90ba1074e79896.js:1:7039) @ https://dandori-work.dandori-portal.com/_next/static/chunks/2117-781fa581501cd167.js:0
[    5440ms] [ERROR] Failed to load resource: the server responded with a status of 401 () @ https://dandori-work.dandori-portal.com/api/workflows?tenantId=tenant-006:0
[    5443ms] Error: ワークフロー一覧の取得に失敗しました
    at m (https://dandori-work.dandori-portal.com/_next/static/chunks/1199-3e90ba1074e79896.js:1:6017)
    at async fetchRequests (https://dandori-work.dandori-portal.com/_next/static/chunks/1199-3e90ba1074e79896.js:1:7039)
[    6410ms] [ERROR] Failed to load resource: the server responded with a status of 401 () @ https://dandori-work.dandori-portal.com/api/legal-updates:0
[  303068ms] [ERROR] Failed to load resource: the server responded with a status of 401 () @ https://dandori-work.dandori-portal.com/api/attendance?tenantId=tenant-006&userId=cmihijw39000b4szx6e0ct5wr&startDate=2026-05-01&endDate=2026-05-31:0
[  303166ms] [ERROR] Failed to load resource: the server responded with a status of 401 () @ https://dandori-work.dandori-portal.com/api/attendance?userId=cmihijw39000b4szx6e0ct5wr&startDate=2026-05-03&endDate=2026-05-03:0
[  303166ms] [ERROR] [AttendanceStore] Failed to sync from API: Error: Failed to fetch attendance
    at Object.getTodayAttendance (https://dandori-work.dandori-portal.com/_next/static/chunks/2523-9b1f5608f82adb3c.js:1:652)
    at async Promise.all (index 0)
    at async syncTodayFromApi (https://dandori-work.dandori-portal.com/_next/static/chunks/2523-9b1f5608f82adb3c.js:1:1906) @ https://dandori-work.dandori-portal.com/_next/static/chunks/2117-781fa581501cd167.js:0
[  303282ms] [ERROR] Failed to load resource: the server responded with a status of 401 () @ https://dandori-work.dandori-portal.com/api/attendance-master/work-patterns?activeOnly=true:0
[  303390ms] [ERROR] Failed to load resource: the server responded with a status of 401 () @ https://dandori-work.dandori-portal.com/api/attendance/punches?userId=cmihijw39000b4szx6e0ct5wr&date=2026-05-03:0
[  303403ms] [ERROR] Failed to load resource: the server responded with a status of 401 () @ https://dandori-work.dandori-portal.com/api/daily-reports/template-for-employee?tenantId=tenant-006&employeeId=cmihijw39000b4szx6e0ct5wr:0
