[     372ms] [VERBOSE] [DOM] Input elements should have autocomplete attributes (suggested: "current-password"): (More info: https://goo.gl/9p2vKq) %o @ https://yamamoto.dandori-relationship-management.com/login:0
[     734ms] [ERROR] Access to fetch at 'https://www.dandori-relationship-management.com/login?callbackUrl=%2Fdashboard' (redirected from 'https://yamamoto.dandori-relationship-management.com/dashboard?_rsc=urzlp') from origin 'https://yamamoto.dandori-relationship-management.com' has been blocked by CORS policy: Response to preflight request doesn't pass access control check: No 'Access-Control-Allow-Origin' header is present on the requested resource. @ https://yamamoto.dandori-relationship-management.com/login:0
[     734ms] [ERROR] Failed to load resource: net::ERR_FAILED @ https://www.dandori-relationship-management.com/login?callbackUrl=%2Fdashboard:0
[     734ms] [ERROR] Failed to fetch RSC payload for https://yamamoto.dandori-relationship-management.com/dashboard. Falling back to browser navigation. TypeError: Failed to fetch
    at window.fetch (https://yamamoto.dandori-relationship-management.com/_next/static/chunks/app/layout-db9dbbcce97f0e9d.js:1:56990)
    at f (https://yamamoto.dandori-relationship-management.com/_next/static/chunks/52117-02994785a1d1f473.js:1:45577)
    at https://yamamoto.dandori-relationship-management.com/_next/static/chunks/52117-02994785a1d1f473.js:1:59128
    at Object.u [as task] (https://yamamoto.dandori-relationship-management.com/_next/static/chunks/52117-02994785a1d1f473.js:1:31932)
    at c.s (https://yamamoto.dandori-relationship-management.com/_next/static/chunks/52117-02994785a1d1f473.js:1:32637)
    at c.enqueue (https://yamamoto.dandori-relationship-management.com/_next/static/chunks/52117-02994785a1d1f473.js:1:32062)
    at s (https://yamamoto.dandori-relationship-management.com/_next/static/chunks/52117-02994785a1d1f473.js:1:59091)
    at i (https://yamamoto.dandori-relationship-management.com/_next/static/chunks/52117-02994785a1d1f473.js:1:58631)
    at a (https://yamamoto.dandori-relationship-management.com/_next/static/chunks/52117-02994785a1d1f473.js:1:65457)
    at f (https://yamamoto.dandori-relationship-management.com/_next/static/chunks/52117-02994785a1d1f473.js:1:75371) @ https://yamamoto.dandori-relationship-management.com/_next/static/chunks/52117-02994785a1d1f473.js:0
[  180541ms] [ERROR] Failed to fetch navigation data: TypeError: Failed to fetch
    at window.fetch (https://yamamoto.dandori-relationship-management.com/_next/static/chunks/app/layout-db9dbbcce97f0e9d.js:1:56990)
    at e (https://yamamoto.dandori-relationship-management.com/_next/static/chunks/14029-dc5eeee61b45a7bf.js:1:8937)
    at https://yamamoto.dandori-relationship-management.com/_next/static/chunks/14029-dc5eeee61b45a7bf.js:1:10402
    at aW (https://yamamoto.dandori-relationship-management.com/_next/static/chunks/fd9d1056-8ef978efe45c93e4.js:1:73245)
    at oe (https://yamamoto.dandori-relationship-management.com/_next/static/chunks/fd9d1056-8ef978efe45c93e4.js:1:84686)
    at ol (https://yamamoto.dandori-relationship-management.com/_next/static/chunks/fd9d1056-8ef978efe45c93e4.js:1:85324)
    at or (https://yamamoto.dandori-relationship-management.com/_next/static/chunks/fd9d1056-8ef978efe45c93e4.js:1:85208)
    at ol (https://yamamoto.dandori-relationship-management.com/_next/static/chunks/fd9d1056-8ef978efe45c93e4.js:1:86269)
    at or (https://yamamoto.dandori-relationship-management.com/_next/static/chunks/fd9d1056-8ef978efe45c93e4.js:1:85208)
    at ol (https://yamamoto.dandori-relationship-management.com/_next/static/chunks/fd9d1056-8ef978efe45c93e4.js:1:85304) @ https://yamamoto.dandori-relationship-management.com/_next/static/chunks/52117-02994785a1d1f473.js:0
